# Preference setting overrides
gui_create_pref_key -category {Globals} -key {load_detail_for_funcov} -value_type {bool} -value {false}

# State setting overrides
gui_state_default_create -off -ini
gui_set_state_value -category Globals -key recent_databases -value {{gui_open_db -file /afs/ece.cmu.edu/usr/ejglaser/Private/18847/lab4/bitonic_sort_16.vcd -design V1 -from 0 -to 54000} {gui_open_db -file /afs/ece.cmu.edu/usr/ejglaser/Private/18847/lab4/bitonic_sort_16.vcd -design V2 -from 0 -to 100} {gui_open_db -file /afs/ece.cmu.edu/usr/ejglaser/Private/18847/lab4/bitonic_sort_16.vcd -design V1} {gui_open_db -file /afs/ece.cmu.edu/usr/ejglaser/Private/18847/lab4/bitonic_sort_16.vcd -design V1 -from 0 -to 100} {gui_open_db -file /afs/ece.cmu.edu/usr/ejglaser/Private/18847 - Neuromorphic Comparch/18847_lab4/bitonic_sort_16.vcd -design V2 -from 0 -to 100}}
gui_set_state_value -category Globals -key recent_sessions -value {{gui_load_session -ignore_errors -file /afs/ece.cmu.edu/usr/ejglaser/Private/18847/lab4/DVEfiles//crash_03.20-21.21/dve_session03.20-21.21.tcl}}
gui_set_state_value -category Layout -key child_console_size_x -value 2559
gui_set_state_value -category Layout -key child_console_size_y -value 369
gui_set_state_value -category Layout -key child_data_coltype -value 45
gui_set_state_value -category Layout -key child_data_colvariable -value 171
gui_set_state_value -category Layout -key child_data_size_x -value 281
gui_set_state_value -category Layout -key child_data_size_y -value 896
gui_set_state_value -category Layout -key child_driver_size_x -value 1151
gui_set_state_value -category Layout -key child_driver_size_y -value 179
gui_set_state_value -category Layout -key child_hier_col3 -value {-1}
gui_set_state_value -category Layout -key child_hier_colhier -value 164
gui_set_state_value -category Layout -key child_hier_colpd -value 0
gui_set_state_value -category Layout -key child_hier_size_x -value 198
gui_set_state_value -category Layout -key child_hier_size_y -value 896
gui_set_state_value -category Layout -key child_hier_sort_order -value 1
gui_set_state_value -category Layout -key child_source_docknewline -value false
gui_set_state_value -category Layout -key child_source_pos_x -value {-2}
gui_set_state_value -category Layout -key child_source_pos_y -value {-15}
gui_set_state_value -category Layout -key child_source_size_x -value 2083
gui_set_state_value -category Layout -key child_source_size_y -value 891
gui_set_state_value -category Layout -key child_wave_colname -value 369
gui_set_state_value -category Layout -key child_wave_colvalue -value 369
gui_set_state_value -category Layout -key child_wave_left -value 743
gui_set_state_value -category Layout -key child_wave_right -value 1811
gui_set_state_value -category Layout -key main_pos_x -value 1
gui_set_state_value -category Layout -key main_pos_y -value 38
gui_set_state_value -category Layout -key main_size_x -value 2560
gui_set_state_value -category Layout -key main_size_y -value 1378
gui_set_state_value -category Layout -key stand_source_child_docknewline -value false
gui_set_state_value -category Layout -key stand_source_child_pos_x -value {-2}
gui_set_state_value -category Layout -key stand_source_child_pos_y -value {-15}
gui_set_state_value -category Layout -key stand_source_child_size_x -value 1419
gui_set_state_value -category Layout -key stand_source_child_size_y -value 671
gui_set_state_value -category Layout -key stand_wave_child_docknewline -value false
gui_set_state_value -category Layout -key stand_wave_child_pos_x -value {-2}
gui_set_state_value -category Layout -key stand_wave_child_pos_y -value {-15}
gui_set_state_value -category Layout -key stand_wave_child_size_x -value 2564
gui_set_state_value -category Layout -key stand_wave_child_size_y -value 1260
gui_set_state_value -category Layout -key stand_wave_top_pos_x -value 0
gui_set_state_value -category Layout -key stand_wave_top_pos_y -value 316
gui_set_state_value -category Layout -key stand_wave_top_size_x -value 2559
gui_set_state_value -category Layout -key stand_wave_top_size_y -value 1656
gui_create_state_key -category FindDialog -key m_pMatchCase -value_type bool -value false
gui_create_state_key -category FindDialog -key m_pMatchWord -value_type bool -value false
gui_create_state_key -category FindDialog -key m_pUseCombo -value_type string -value {}
gui_create_state_key -category FindDialog -key m_pWrapAround -value_type bool -value true
gui_create_state_key -category Widget_History -key Find|m_pFindFrame|m_pFindCombo -value_type string -value 3200
gui_create_state_key -category Widget_History -key TopLevel.1|qt_top_dock|&Edit|FindCombo -value_type string -value 3200
gui_create_state_key -category Widget_History -key TopLevel.2|qt_top_dock|&Edit|FindCombo -value_type string -value 3200
gui_create_state_key -category Widget_History -key {dlgSimSetup|m_setupTab|tab pages|BuildTab|m_rebuildBtnGroup|m_customCmdCombo} -value_type string -value {{make sim-gui TEST=447inputs/additest.S}}
gui_create_state_key -category Widget_History -key {dlgSimSetup|m_setupTab|tab pages|BuildTab|m_rebuildBtnGroup|m_customDirCombo} -value_type string -value {{sim-gui, TEST=447inputs/additest.S} {make sim-gui TEST=447inputs/additest.S}}
gui_create_state_key -category Widget_History -key {dlgSimSetup|m_setupTab|tab pages|SimTab|m_VPDCombo} -value_type string -value {inter.vpd bitonic_sort_16.vcd.vpd}
gui_create_state_key -category Widget_History -key {dlgSimSetup|m_setupTab|tab pages|SimTab|m_argsCombo} -value_type string -value {{-ucligui  } {-ucligui }}
gui_create_state_key -category Widget_History -key {dlgSimSetup|m_setupTab|tab pages|SimTab|m_curDirCombo} -value_type string -value {/afs/ece.cmu.edu/usr/ejglaser/Private/18447/lab4-rated-r-for-risc/output/simulation /afs/ece.cmu.edu/usr/ejglaser/Private/18847/lab4 {/afs/ece.cmu.edu/usr/ejglaser/Private/18847 - Neuromorphic Comparch/18847_lab4} /afs/ece.cmu.edu/usr/ejglaser/Private/18447/lab2-ibm-truenorth-dakota/output/simulation}
gui_create_state_key -category Widget_History -key {dlgSimSetup|m_setupTab|tab pages|SimTab|m_exeCombo} -value_type string -value {./riscv_core ./simv simv /afs/ece.cmu.edu/usr/ejglaser/Private/18847/lab4/simv {/afs/ece.cmu.edu/usr/ejglaser/Private/18847 - Neuromorphic Comparch/18847_lab4/simv}}
gui_state_default_create -off

# Begin command logging
gui_sim_run Ucli -exe ./simv -args {-ucligui  } -dir .
gui_list_select -id Data.1 -selected  { {layer_tb.time_val[0:0]}   }
gui_open_window Wave
gui_list_add -id Wave.1 -from Data.1 { {layer_tb.time_val[0:0]} } -insertionbar
gui_sim_continue  
gui_wv_zoom_timerange -id  Wave.1 5600004702 5600004945
gui_zoom -window Wave.1 -full
gui_wv_zoom_timerange -id  Wave.1 53154710 415857434
gui_wv_zoom_timerange -id  Wave.1 57108972 68044732
gui_wv_zoom_timerange -id  Wave.1 57524174 58769788
gui_wv_zoom_timerange -id  Wave.1 57584088 57606344
gui_wv_zoom_timerange -id  Wave.1 716724189 761320361
gui_wv_zoom_timerange -id  Wave.1 720087492 722104404
gui_wv_zoom_timerange -id  Wave.1 720253802 720627680
gui_close_window -window TopLevel.2
gui_open_window Wave
gui_list_add -id Wave.1 -from Data.1 { {layer_tb.time_val[3:0]} } -insertionbar
gui_wv_zoom_timerange -id  Wave.1 0 597
gui_list_select -id Data.1 -selected  { {layer_tb.winning_neuron[0:0]}   }
gui_list_show_data -select -id  Data.1   {layer_tb.winning_neuron[0:0]}
gui_list_select -id Data.1 -selected  {  }
gui_list_sort -id  Data.1   {Variable}
gui_list_sort -id  Data.1   -descending  {Variable}
gui_list_select -id Data.1 -selected  { {layer_tb.output_spike_time[0:0]}   }
gui_list_select -id Data.1 -selected  { {layer_tb.output_spike_times[7:0][3:0]}   }
gui_list_select -id Data.1 -selected  { layer_tb.rst_l   }
gui_list_select -id Data.1 -selected  { {layer_tb.output_spike_time[0:0]}   }
gui_close_window -window TopLevel.2
