15:28:14    86 --> ...                                              [tcl] ucliGUI::start /afs/ece.cmu.edu/usr/ejglaser/Private/18847/simv -ucligui 
15:28:14    87 --> ...                                                  [tcl] set ucliGUI::state
15:28:14    88 --> ...                                                      [tcl] gui_update_simulator_buttons
15:28:15    89 --> ...                                                          [tcl] set ucliGUI::state
15:28:15    90 --> ...                                                              [tcl] ucliCore::getToolPID
15:28:15    91 --> ...                                                                  [tcl] synopsys::env hasTB
15:28:15    92 --> ...                                                                      [tcl] trigger_hier_stack_context_switch 0
15:28:15    93 --> ...                                                                          [tcl] synUtils::setDVEInitPhase 1
15:28:15    94 --> ...                                                                              [tcl] gui_get_env SIMSETUP::SIMVPD
15:28:15    95 --> ...                                                                                  [tcl] synopsys::dump -type VPD -file /afs/ece.cmu.edu/usr/ejglaser/Private/18847/inter.vpd -locking
15:28:15    96 --> ...                                                                                      [tcl] synopsys::dump -autoflush on -fid VPD1
15:28:15    97 --> ...                                                                                          [tcl] set ::dve_fid VPD1
15:28:15    98 --> ...                                                                                              [tcl] synUtils::setDVEInitPhase 0
15:28:15    99 --> ...                                                                                                  [tcl] ucliCore::getToolPID
15:28:15    100 --> ...  [tcl] synUtils::sendTool -active _icl_setToolSocket /tmp/smlnpnoZx6G
15:28:15    101 --> ...      [tcl] synUtils::sendTool -active {_icl_start_rpc -version "K-2015.09_Full64" -sync_file /tmp/vcs_dve_rpc.ejglaser.15482}
15:28:15    102 --> ...          [tcl] synUtils::sendTool -active {_icl_createSharedMemory /tmp/vcs_dve_general.ejglaser.15482}
15:28:15    103 --> ...              [tcl] config endofsim noexit
15:28:15    104 --> ...                  [tcl] config onfail enable all
15:28:15    105 --> ...                      [tcl] config syscaddplainmembers
15:28:15    106 --> ...                          [tcl] config syscaddsourcenames
15:28:15    107 --> ...                              [tcl] config syscaddstructtypes
15:28:15    108 --> ...                                  [tcl] synopsys::listing -disable
15:28:15    109 --> ...                                      [tcl] # Begin_DVE_Session_Save_Info
15:28:15    110 --> ...                                          [tcl] # DVE restart session
15:28:15    111 --> ...                                              [tcl] # Saved on Wed May 8 15:28:14 2019
15:28:15    112 --> ...                                                  [tcl] # Designs open: 1
15:28:15    113 --> ...                                                      [tcl] #   Sim: /afs/ece.cmu.edu/usr/ejglaser/Private/18847/simv
15:28:15    114 --> ...                                                          [tcl] # Toplevel windows open: 2
15:28:15    115 --> ...                                                              [tcl] # 	TopLevel.1
15:28:15    116 --> ...                                                                  [tcl] # 	TopLevel.2
15:28:15    117 --> ...                                                                      [tcl] #   Source.1: layer_tb
15:28:15    118 --> ...                                                                          [tcl] #   Wave.1: 1 signals
15:28:15    119 --> ...                                                                              [tcl] #   Group count = 2
15:28:15    120 --> ...                                                                                  [tcl] #   Group Group1 signal count = 1
15:28:15    121 --> ...                                                                                      [tcl] #   Group Group2 signal count = 1
15:28:15    122 --> ...                                                                                          [tcl] # End_DVE_Session_Save_Info
15:28:15    123 --> ...                                                                                              [tcl] # DVE version: K-2015.09_Full64
15:28:15    124 --> ...                                                                                                  [tcl] # DVE build date: Aug 25 2015 21:36:02
15:28:15    125 --> ...  [tcl] #<Session mode="Restart" path=".restartSimSession.tcl" type="Debug">
15:28:15    126 --> ...      [tcl] gui_set_loading_session_type Restart
15:28:15    127 --> ...          [tcl] gui_continuetime_set
15:28:15    128 --> ...              [tcl] gui_clear_window -type Wave
15:28:15    129 --> ...                  [tcl] gui_clear_window -type List
15:28:15    130 --> ...                      [tcl] # Application preferences
15:28:15    131 --> ...                          [tcl] gui_set_pref_value -key app_default_font -value {Helvetica,10,-1,5,50,0,0,0,0,0}
15:28:15    132 --> ...                              [tcl] gui_src_preferences -tabstop 8 -maxbits 24 -windownumber 1
15:28:15    133 --> ...                                  [tcl] #<WindowLayout>
15:28:15    134 --> ...                                      [tcl] # DVE top-level session
15:28:15    135 --> ...                                          [tcl] # Create and position top-level window: TopLevel.1
15:28:15    136 --> ...                                              [tcl] set TopLevel.1 TopLevel.1
15:28:15    137 --> ...                                                  [tcl] # Docked window settings
15:28:15    138 --> ...                                                      [tcl] set HSPane.1 HSPane.1
15:28:15    139 --> ...                                                          [tcl] set Hier.1 Hier.1
15:28:15    140 --> ...                                                              [tcl] set DLPane.1 DLPane.1
15:28:15    141 --> ...                                                                  [tcl] set Data.1 Data.1
15:28:15    142 --> ...                                                                      [tcl] set Console.1 Console.1
15:28:15    143 --> ...                                                                          [tcl] gui_sync_global -id ${TopLevel.1} -option true
15:28:15    144 --> ...                                                                              [tcl] # MDI window settings
15:28:15    145 --> ...                                                                                  [tcl] set Source.1 Source.1
15:28:15    146 --> ...                                                                                      [tcl] gui_update_layout -id ${Source.1} {{show_state maximized} {dock_state undocked} {dock_on_new_line false}}
15:28:15    147 --> ...                                                                                          [tcl] # End MDI window settings
15:28:15    148 --> ...                                                                                              [tcl] # Create and position top-level window: TopLevel.2
15:28:15    149 --> ...                                                                                                  [tcl] set TopLevel.2 TopLevel.2
15:28:15    150 --> ...  [tcl] # Docked window settings
15:28:15    151 --> ...      [tcl] gui_sync_global -id ${TopLevel.2} -option true
15:28:15    152 --> ...          [tcl] # MDI window settings
15:28:15    153 --> ...              [tcl] set Wave.1 Wave.1
15:28:15    154 --> ...                  [tcl] gui_update_layout -id ${Wave.1} {{show_state maximized} {dock_state undocked} {dock_on_new_line false} {child_wave_left 743} {child_wave_right 1811} {child_wave_colname 369} {child_wave_colvalue 369} {child_wave_col1 0} {child_wave_col2 1}}
15:28:15    155 --> ...                      [tcl] # End MDI window settings
15:28:15    156 --> ...                          [tcl] #</WindowLayout>
15:28:15    157 --> ...                              [tcl] #<Database>
15:28:15    158 --> ...                                  [tcl] gui_set_precision 1ps
15:28:15    159 --> ...                                      [tcl] gui_set_time_units 1ps
15:28:15    160 --> ...                                          [tcl] #</Database>
15:28:15    161 --> ...                                              [tcl] # DVE Global setting session:
15:28:15    162 --> ...                                                  [tcl] # Global: Breakpoints
15:28:15    163 --> ...                                                      [tcl] # Global: Bus
15:28:15    164 --> ...                                                          [tcl] # Global: Expressions
15:28:15    165 --> ...                                                              [tcl] # Global: Signal Time Shift
15:28:15    166 --> ...                                                                  [tcl] # Global: Signal Compare
15:28:15    167 --> ...                                                                      [tcl] # Global: Signal Groups
15:28:15    168 --> ...                                                                          [tcl] set _session_group_1 Group1
15:28:15    169 --> ...                                                                              [tcl] gui_sg_create "$_session_group_1"
15:28:15    170 --> ...                                                                                  [tcl] set Group1 "$_session_group_1"
15:28:15    171 --> ...                                                                                      [tcl] gui_sg_addsignal -group "$_session_group_1" { layer_tb.winning_neuron }
15:28:15    172 --> ...                                                                                          [tcl] set _session_group_2 Group2
15:28:15    173 --> ...                                                                                              [tcl] gui_sg_create "$_session_group_2"
15:28:15    174 --> ...                                                                                                  [tcl] set Group2 "$_session_group_2"
15:28:15    175 --> ...  [tcl] gui_sg_addsignal -group "$_session_group_2" { layer_tb.L0.li_winning_neuron }
15:28:15    176 --> ...      [tcl] # Global: Highlighting
15:28:15    177 --> ...          [tcl] # Global: Stack
15:28:15    178 --> ...              [tcl] gui_change_stack_mode -mode list
15:28:15    179 --> ...                  [tcl] synopsys::xml {set_only_active_frame <data value="1" />}
15:28:15    180 --> ...                      [tcl] # Post database loading setting...
15:28:15    181 --> ...                          [tcl] # Save global setting...
15:28:15    182 --> ...                              [tcl] # Wave/List view global setting
15:28:15    183 --> ...                                  [tcl] gui_cov_show_value -switch false
15:28:15    184 --> ...                                      [tcl] # Close all empty TopLevel windows
15:28:15    185 --> ...                                          [tcl] foreach __top [gui_ekki_get_window_ids -type TopLevel] {     if { [llength [gui_ekki_get_window_ids -parent $__top]] == 0} {         gui_close_window -window $__top     } }
15:28:15    186 --> ...                                              [tcl] gui_set_loading_session_type noSession
15:28:15    187 --> ...                                                  [tcl] # DVE View/pane content session:
15:28:15    188 --> ...                                                      [tcl] # Hier 'Hier.1'
15:28:15    189 --> ...                                                          [tcl] gui_show_window -window ${Hier.1}
15:28:15    190 --> ...                                                              [tcl] gui_list_set_filter -id ${Hier.1} -list { {Package 1} {All 0} {Process 1} {VirtPowSwitch 0} {UnnamedProcess 1} {UDP 0} {Function 1} {Block 1} {SrsnAndSpaCell 0} {OVA Unit 1} {LeafScCell 1} {LeafVlgCell 1} {Interface 1} {LeafVhdCell 1} {$unit 1} {NamedBlock 1} {Task 1} {VlgPackage 1} {ClassDef 1} {VirtIsoCell 0} }
15:28:15    191 --> ...                                                                  [tcl] gui_list_set_filter -id ${Hier.1} -text {*}
15:28:15    192 --> ...                                                                      [tcl] gui_change_design -id ${Hier.1} -design Sim
15:28:15    193 --> ...                                                                          [tcl] catch {gui_list_expand -id ${Hier.1} layer_tb}
15:28:15    194 --> ...                                                                              [tcl] catch {gui_list_select -id ${Hier.1} {layer_tb.L0}}
15:28:15    195 --> ...                                                                                  [tcl] dveMisc::vbusExpand layer_tb.L0
15:28:15    196 --> ...                                                                                      [tcl] gui_view_scroll -id ${Hier.1} -vertical -set 0
15:28:15    197 --> ...                                                                                          [tcl] gui_view_scroll -id ${Hier.1} -horizontal -set 0
15:28:15    198 --> ...                                                                                              [tcl] # Data 'Data.1'
15:28:15    199 --> ...                                                                                                  [tcl] gui_list_set_filter -id ${Data.1} -list { {Buffer 1} {Input 1} {Others 1} {Linkage 1} {Output 1} {LowPower 1} {Parameter 1} {All 1} {Aggregate 1} {LibBaseMember 1} {Event 1} {Assertion 1} {Constant 1} {Interface 1} {BaseMembers 1} {Signal 1} {$unit 1} {Inout 1} {Variable 1} }
15:28:15    200 --> ...  [tcl] gui_list_set_filter -id ${Data.1} -text {*}
15:28:15    201 --> ...      [tcl] gui_list_show_data -id ${Data.1} {layer_tb.L0}
15:28:15    202 --> ...          [tcl] gui_show_window -window ${Data.1}
15:28:15    203 --> ...              [tcl] catch { gui_list_select -id ${Data.1} {layer_tb.L0.li_winning_neuron }}
15:28:15    204 --> ...                  [tcl] gui_view_scroll -id ${Data.1} -vertical -set 0
15:28:15    205 --> ...                      [tcl] gui_view_scroll -id ${Data.1} -horizontal -set 0
15:28:15    206 --> ...                          [tcl] gui_view_scroll -id ${Hier.1} -vertical -set 0
15:28:15    207 --> ...                              [tcl] gui_view_scroll -id ${Hier.1} -horizontal -set 0
15:28:15    208 --> ...                                  [tcl] # Source 'Source.1'
15:28:15    209 --> ...                                      [tcl] gui_src_value_annotate -id ${Source.1} -switch false
15:28:15    210 --> ...                                          [tcl] gui_set_env TOGGLE::VALUEANNOTATE 0
15:28:15    211 --> ...                                              [tcl] gui_open_source -id ${Source.1}  -replace -active layer_tb /afs/ece.cmu.edu/usr/ejglaser/Private/18847/layer_tb.sv
15:28:15    212 --> ...                                                  [tcl] gui_view_scroll -id ${Source.1} -vertical -set 60
15:28:15    213 --> ...                                                      [tcl] gui_src_set_reusable -id ${Source.1}
15:28:15    214 --> ...                                                          [tcl] # View 'Wave.1'
15:28:15    215 --> ...                                                              [tcl] gui_wv_sync -id ${Wave.1} -switch false
15:28:15    216 --> ...                                                                  [tcl] set groupExD [gui_get_pref_value -category Wave -key exclusiveSG]
15:28:15    217 --> ...                                                                      [tcl] gui_set_pref_value -category Wave -key exclusiveSG -value {false}
15:28:15    218 --> ...                                                                          [tcl] set origWaveHeight [gui_get_pref_value -category Wave -key waveRowHeight]
15:28:15    219 --> ...                                                                              [tcl] gui_list_set_height -id Wave -height 25
15:28:15    220 --> ...                                                                                  [tcl] set origGroupCreationState [gui_list_create_group_when_add -wave]
15:28:15    221 --> ...                                                                                      [tcl] gui_list_create_group_when_add -wave -disable
15:28:15    222 --> ...                                                                                          [tcl] gui_wv_zoom_timerange -id ${Wave.1} 0 597
15:28:15    223 --> ...                                                                                              [tcl] gui_list_add_group -id ${Wave.1} -after {New Group} {Group2}
15:28:15    224 --> ...                                                                                                  [tcl] synopsys::dump -add {layer_tb.L0.li_winning_neuron } -aggregates  -fid VPD1
15:28:15    225 --> ...  [tcl] gui_seek_criteria -id ${Wave.1} {Any Edge}
15:28:15    226 --> ...      [tcl] gui_set_env TOGGLE::DEFAULT_WAVE_WINDOW ${Wave.1}
15:28:15    227 --> ...          [tcl] gui_set_pref_value -category Wave -key exclusiveSG -value $groupExD
15:28:15    228 --> ...              [tcl] gui_list_set_height -id Wave -height $origWaveHeight
15:28:15    229 --> ...                  [tcl] if {$origGroupCreationState} { 	gui_list_create_group_when_add -wave -enable }
15:28:15    230 --> ...                      [tcl] if { $groupExD } {  gui_msg_report -code DVWW028 }
15:28:15    231 --> ...                          [tcl] gui_list_set_filter -id ${Wave.1} -list { {Buffer 1} {Input 1} {Others 1} {Linkage 1} {Output 1} {Parameter 1} {All 1} {Aggregate 1} {LibBaseMember 1} {Event 1} {Assertion 1} {Constant 1} {Interface 1} {BaseMembers 1} {Signal 1} {$unit 1} {Inout 1} {Variable 1} }
15:28:15    232 --> ...                              [tcl] gui_list_set_filter -id ${Wave.1} -text {*}
15:28:15    233 --> ...                                  [tcl] gui_list_set_insertion_bar  -id ${Wave.1} -group Group2  -position in
15:28:15    234 --> ...                                      [tcl] gui_view_scroll -id ${Wave.1} -vertical -set 0
15:28:15    235 --> ...                                          [tcl] gui_show_grid -id ${Wave.1} -enable false
15:28:15    236 --> ...                                              [tcl] # Restore toplevel window zorder
15:28:15    237 --> ...                                                  [tcl] # The toplevel window could be closed if it has no view/pane
15:28:15    238 --> ...                                                      [tcl] if {[gui_exist_window -window ${TopLevel.1}]} { 	gui_set_active_window -window ${TopLevel.1} 	gui_set_active_window -window ${Source.1} 	gui_set_active_window -window ${DLPane.1} }
15:28:15    239 --> ...                                                          [tcl] if {[gui_exist_window -window ${TopLevel.2}]} { 	gui_set_active_window -window ${TopLevel.2} 	gui_set_active_window -window ${Wave.1} }
15:28:15    240 --> ...                                                              [tcl] #</Session>
15:28:17    241 --> ...                                                                  [tcl] synopsys::run
15:28:17    242 --> ...                                                                      [tcl] set ucliGUI::state
15:28:17    243 --> ...                                                                          [tcl] set ucliGUI::state
15:28:17    244 --> ...                                                                              [tcl] gui_update_simulator_buttons
15:28:18    245 --> ...                                                                                  [tcl] set ucliGUI::state
15:28:18    246 --> ...                                                                                      [tcl] set ucliGUI::state
15:28:18    247 --> ...                                                                                          [tcl] catch {senv activeDomain} dveMisc::result 
15:28:18    248 --> ...                                                                                              [tcl] set dveMisc::result
15:28:18    249 --> ...                                                                                                  [tcl] gui_update_simulator_buttons
15:28:38    250 --> ...  [tcl] if [catch {gui_sim_terminate}] {gui_sim_terminate -kill}
15:28:38    251 --> ...      [tcl] synopsys::finish
15:28:38    252 --> ...          [tcl] set ucliGUI::state
15:28:38    253 --> ...              [tcl] set ucliGUI::state
15:28:38    254 --> ...                  [tcl] catch {senv activeDomain} dveMisc::result 
15:28:38    255 --> ...                      [tcl] set dveMisc::result
15:28:38    256 --> ...                          [tcl] gui_update_simulator_buttons
15:28:38    257 --> ...                              [tcl] catch {senv activeDomain} dveMisc::result 
15:28:38    258 --> ...                                  [tcl] set dveMisc::result
15:28:38    259 --> ...                                      [tcl] ucli_exit
